e:\github\publicstudy\rio\rioechoserver\rioechoserver\obj\x64\debug\vc143.pdb
e:\github\publicstudy\rio\rioechoserver\rioechoserver\obj\x64\debug\vc143.idb
e:\github\publicstudy\rio\rioechoserver\rioechoserver\obj\x64\debug\echo_message.pb.obj
e:\github\publicstudy\rio\rioechoserver\rioechoserver\obj\x64\debug\iocpacceptor.obj
e:\github\publicstudy\rio\rioechoserver\rioechoserver\obj\x64\debug\rioworker.obj
e:\github\publicstudy\rio\rioechoserver\rioechoserver\obj\x64\debug\session.obj
e:\github\publicstudy\rio\rioechoserver\rioechoserver\obj\x64\debug\bufferpool.obj
e:\github\publicstudy\rio\rioechoserver\rioechoserver\obj\x64\debug\rionetwork.obj
e:\github\publicstudy\rio\rioechoserver\rioechoserver\obj\x64\debug\main.obj
e:\github\publicstudy\rio\rioechoserver\rioechoserver\bin\x64\debug\rioechoserver.exe
e:\github\publicstudy\rio\rioechoserver\rioechoserver\bin\x64\debug\rioechoserver.pdb
e:\github\publicstudy\rio\rioechoserver\rioechoserver\obj\x64\debug\rioechoserver.ilk
e:\github\publicstudy\rio\rioechoserver\rioechoserver\obj\x64\debug\rioechoserver.vcxproj.filelistabsolute.txt
e:\github\publicstudy\rio\rioechoserver\rioechoserver\obj\x64\debug\rioechoserver.tlog\cl.command.1.tlog
e:\github\publicstudy\rio\rioechoserver\rioechoserver\obj\x64\debug\rioechoserver.tlog\cl.items.tlog
e:\github\publicstudy\rio\rioechoserver\rioechoserver\obj\x64\debug\rioechoserver.tlog\cl.read.1.tlog
e:\github\publicstudy\rio\rioechoserver\rioechoserver\obj\x64\debug\rioechoserver.tlog\cl.write.1.tlog
e:\github\publicstudy\rio\rioechoserver\rioechoserver\obj\x64\debug\rioechoserver.tlog\link.command.1.tlog
e:\github\publicstudy\rio\rioechoserver\rioechoserver\obj\x64\debug\rioechoserver.tlog\link.read.1.tlog
e:\github\publicstudy\rio\rioechoserver\rioechoserver\obj\x64\debug\rioechoserver.tlog\link.secondary.1.tlog
e:\github\publicstudy\rio\rioechoserver\rioechoserver\obj\x64\debug\rioechoserver.tlog\link.write.1.tlog
